{"F:\\Proyectos de programación\\proyecto-prueba-tecnica\\banco-products-backend\\repo-interview-main\\src\\const\\message-error.const.ts": {"path":"F:\\Proyectos de programación\\proyecto-prueba-tecnica\\banco-products-backend\\repo-interview-main\\src\\const\\message-error.const.ts","statementMap":{"0":{"start":{"line":1,"column":13},"end":{"line":4,"column":null}}},"fnMap":{},"branchMap":{},"s":{"0":1},"f":{},"b":{}}
,"F:\\Proyectos de programación\\proyecto-prueba-tecnica\\banco-products-backend\\repo-interview-main\\src\\controllers\\ProductControllers.ts": {"path":"F:\\Proyectos de programación\\proyecto-prueba-tecnica\\banco-products-backend\\repo-interview-main\\src\\controllers\\ProductControllers.ts","statementMap":{"0":{"start":{"line":1,"column":0},"end":{"line":1,"column":26}},"1":{"start":{"line":2,"column":0},"end":{"line":2,"column":null}},"2":{"start":{"line":14,"column":0},"end":{"line":14,"column":44}},"3":{"start":{"line":15,"column":0},"end":{"line":15,"column":61}},"4":{"start":{"line":17,"column":0},"end":{"line":17,"column":25}},"5":{"start":{"line":19,"column":13},"end":{"line":19,"column":30}},"6":{"start":{"line":22,"column":2},"end":{"line":22,"column":38}},"7":{"start":{"line":22,"column":28},"end":{"line":22,"column":38}},"8":{"start":{"line":23,"column":2},"end":{"line":23,"column":52}},"9":{"start":{"line":27,"column":2},"end":{"line":27,"column":60}},"10":{"start":{"line":31,"column":2},"end":{"line":38,"column":null}},"11":{"start":{"line":43,"column":7},"end":{"line":158,"column":null}},"12":{"start":{"line":44,"column":2},"end":{"line":44,"column":70}},"13":{"start":{"line":48,"column":17},"end":{"line":48,"column":42}},"14":{"start":{"line":49,"column":17},"end":{"line":49,"column":42}},"15":{"start":{"line":50,"column":18},"end":{"line":50,"column":35}},"16":{"start":{"line":51,"column":16},"end":{"line":51,"column":28}},"17":{"start":{"line":52,"column":27},"end":{"line":52,"column":58}},"18":{"start":{"line":53,"column":4},"end":{"line":53,"column":66}},"19":{"start":{"line":58,"column":17},"end":{"line":58,"column":49}},"20":{"start":{"line":59,"column":17},"end":{"line":59,"column":42}},"21":{"start":{"line":60,"column":17},"end":{"line":60,"column":42}},"22":{"start":{"line":61,"column":18},"end":{"line":61,"column":35}},"23":{"start":{"line":62,"column":16},"end":{"line":62,"column":28}},"24":{"start":{"line":64,"column":21},"end":{"line":68,"column":null}},"25":{"start":{"line":66,"column":8},"end":{"line":68,"column":50}},"26":{"start":{"line":71,"column":27},"end":{"line":71,"column":53}},"27":{"start":{"line":73,"column":4},"end":{"line":76,"column":6}},"28":{"start":{"line":81,"column":20},"end":{"line":81,"column":37}},"29":{"start":{"line":82,"column":4},"end":{"line":82,"column":67}},"30":{"start":{"line":82,"column":43},"end":{"line":82,"column":65}},"31":{"start":{"line":87,"column":20},"end":{"line":87,"column":37}},"32":{"start":{"line":88,"column":18},"end":{"line":88,"column":41}},"33":{"start":{"line":90,"column":4},"end":{"line":92,"column":null}},"34":{"start":{"line":91,"column":6},"end":{"line":91,"column":54}},"35":{"start":{"line":93,"column":4},"end":{"line":93,"column":32}},"36":{"start":{"line":97,"column":43},"end":{"line":104,"column":6}},"37":{"start":{"line":105,"column":18},"end":{"line":105,"column":49}},"38":{"start":{"line":106,"column":4},"end":{"line":108,"column":null}},"39":{"start":{"line":107,"column":6},"end":{"line":107,"column":67}},"40":{"start":{"line":109,"column":4},"end":{"line":109,"column":37}},"41":{"start":{"line":110,"column":4},"end":{"line":110,"column":32}},"42":{"start":{"line":111,"column":4},"end":{"line":111,"column":73}},"43":{"start":{"line":116,"column":20},"end":{"line":116,"column":37}},"44":{"start":{"line":117,"column":18},"end":{"line":117,"column":41}},"45":{"start":{"line":119,"column":4},"end":{"line":121,"column":null}},"46":{"start":{"line":120,"column":6},"end":{"line":120,"column":54}},"47":{"start":{"line":123,"column":27},"end":{"line":126,"column":null}},"48":{"start":{"line":129,"column":4},"end":{"line":129,"column":42}},"49":{"start":{"line":130,"column":4},"end":{"line":130,"column":32}},"50":{"start":{"line":132,"column":4},"end":{"line":135,"column":6}},"51":{"start":{"line":140,"column":20},"end":{"line":140,"column":37}},"52":{"start":{"line":141,"column":18},"end":{"line":141,"column":41}},"53":{"start":{"line":143,"column":4},"end":{"line":145,"column":null}},"54":{"start":{"line":144,"column":6},"end":{"line":144,"column":54}},"55":{"start":{"line":147,"column":4},"end":{"line":147,"column":78}},"56":{"start":{"line":147,"column":54},"end":{"line":147,"column":76}},"57":{"start":{"line":148,"column":4},"end":{"line":148,"column":32}},"58":{"start":{"line":149,"column":4},"end":{"line":151,"column":6}},"59":{"start":{"line":155,"column":20},"end":{"line":155,"column":37}},"60":{"start":{"line":156,"column":4},"end":{"line":156,"column":72}},"61":{"start":{"line":156,"column":48},"end":{"line":156,"column":70}},"62":{"start":{"line":46,"column":2},"end":{"line":54,"column":null}},"63":{"start":{"line":56,"column":2},"end":{"line":77,"column":null}},"64":{"start":{"line":79,"column":2},"end":{"line":83,"column":null}},"65":{"start":{"line":85,"column":2},"end":{"line":94,"column":null}},"66":{"start":{"line":96,"column":2},"end":{"line":112,"column":null}},"67":{"start":{"line":114,"column":2},"end":{"line":136,"column":null}},"68":{"start":{"line":138,"column":2},"end":{"line":152,"column":null}},"69":{"start":{"line":43,"column":13},"end":{"line":158,"column":null}},"70":{"start":{"line":43,"column":13},"end":{"line":43,"column":30}}},"fnMap":{"0":{"name":"loadProducts","decl":{"start":{"line":21,"column":9},"end":{"line":21,"column":21}},"loc":{"start":{"line":21,"column":21},"end":{"line":24,"column":1}}},"1":{"name":"saveProducts","decl":{"start":{"line":26,"column":9},"end":{"line":26,"column":21}},"loc":{"start":{"line":26,"column":50},"end":{"line":28,"column":1}}},"2":{"name":"normalizeProduct","decl":{"start":{"line":30,"column":9},"end":{"line":30,"column":25}},"loc":{"start":{"line":30,"column":51},"end":{"line":40,"column":1}}},"3":{"name":"(anonymous_13)","decl":{"start":{"line":43,"column":7},"end":{"line":43,"column":13}},"loc":{"start":{"line":43,"column":7},"end":{"line":158,"column":1}}},"4":{"name":"(anonymous_14)","decl":{"start":{"line":47,"column":2},"end":{"line":47,"column":8}},"loc":{"start":{"line":47,"column":34},"end":{"line":54,"column":3}}},"5":{"name":"(anonymous_15)","decl":{"start":{"line":57,"column":2},"end":{"line":57,"column":8}},"loc":{"start":{"line":57,"column":34},"end":{"line":77,"column":3}}},"6":{"name":"(anonymous_16)","decl":{"start":{"line":65,"column":6},"end":{"line":65,"column":7}},"loc":{"start":{"line":66,"column":8},"end":{"line":68,"column":50}}},"7":{"name":"(anonymous_17)","decl":{"start":{"line":80,"column":2},"end":{"line":80,"column":18}},"loc":{"start":{"line":80,"column":51},"end":{"line":83,"column":3}}},"8":{"name":"(anonymous_18)","decl":{"start":{"line":82,"column":30},"end":{"line":82,"column":31}},"loc":{"start":{"line":82,"column":43},"end":{"line":82,"column":65}}},"9":{"name":"(anonymous_19)","decl":{"start":{"line":86,"column":2},"end":{"line":86,"column":8}},"loc":{"start":{"line":86,"column":41},"end":{"line":94,"column":3}}},"10":{"name":"(anonymous_20)","decl":{"start":{"line":96,"column":12},"end":{"line":96,"column":22}},"loc":{"start":{"line":96,"column":72},"end":{"line":112,"column":3}}},"11":{"name":"(anonymous_21)","decl":{"start":{"line":115,"column":2},"end":{"line":115,"column":5}},"loc":{"start":{"line":115,"column":77},"end":{"line":136,"column":3}}},"12":{"name":"(anonymous_22)","decl":{"start":{"line":139,"column":2},"end":{"line":139,"column":8}},"loc":{"start":{"line":139,"column":41},"end":{"line":152,"column":3}}},"13":{"name":"(anonymous_23)","decl":{"start":{"line":147,"column":41},"end":{"line":147,"column":42}},"loc":{"start":{"line":147,"column":54},"end":{"line":147,"column":76}}},"14":{"name":"(anonymous_24)","decl":{"start":{"line":154,"column":10},"end":{"line":154,"column":19}},"loc":{"start":{"line":154,"column":39},"end":{"line":157,"column":3}}},"15":{"name":"(anonymous_25)","decl":{"start":{"line":156,"column":35},"end":{"line":156,"column":36}},"loc":{"start":{"line":156,"column":48},"end":{"line":156,"column":70}}}},"branchMap":{"0":{"loc":{"start":{"line":22,"column":2},"end":{"line":22,"column":38}},"type":"if","locations":[{"start":{"line":22,"column":2},"end":{"line":22,"column":38}},{"start":{},"end":{}}]},"1":{"loc":{"start":{"line":33,"column":8},"end":{"line":33,"column":26}},"type":"cond-expr","locations":[{"start":{"line":33,"column":18},"end":{"line":33,"column":20}},{"start":{"line":33,"column":18},"end":{"line":33,"column":26}}]},"2":{"loc":{"start":{"line":33,"column":8},"end":{"line":33,"column":20}},"type":"binary-expr","locations":[{"start":{"line":33,"column":8},"end":{"line":33,"column":20}},{"start":{"line":33,"column":18},"end":{"line":33,"column":20}}]},"3":{"loc":{"start":{"line":34,"column":10},"end":{"line":34,"column":30}},"type":"cond-expr","locations":[{"start":{"line":34,"column":22},"end":{"line":34,"column":24}},{"start":{"line":34,"column":22},"end":{"line":34,"column":30}}]},"4":{"loc":{"start":{"line":34,"column":10},"end":{"line":34,"column":24}},"type":"binary-expr","locations":[{"start":{"line":34,"column":10},"end":{"line":34,"column":24}},{"start":{"line":34,"column":22},"end":{"line":34,"column":24}}]},"5":{"loc":{"start":{"line":35,"column":17},"end":{"line":35,"column":44}},"type":"cond-expr","locations":[{"start":{"line":35,"column":36},"end":{"line":35,"column":38}},{"start":{"line":35,"column":36},"end":{"line":35,"column":44}}]},"6":{"loc":{"start":{"line":35,"column":17},"end":{"line":35,"column":38}},"type":"binary-expr","locations":[{"start":{"line":35,"column":17},"end":{"line":35,"column":38}},{"start":{"line":35,"column":36},"end":{"line":35,"column":38}}]},"7":{"loc":{"start":{"line":36,"column":10},"end":{"line":36,"column":30}},"type":"cond-expr","locations":[{"start":{"line":36,"column":22},"end":{"line":36,"column":24}},{"start":{"line":36,"column":22},"end":{"line":36,"column":30}}]},"8":{"loc":{"start":{"line":36,"column":10},"end":{"line":36,"column":24}},"type":"binary-expr","locations":[{"start":{"line":36,"column":10},"end":{"line":36,"column":24}},{"start":{"line":36,"column":22},"end":{"line":36,"column":24}}]},"9":{"loc":{"start":{"line":48,"column":17},"end":{"line":48,"column":42}},"type":"binary-expr","locations":[{"start":{"line":48,"column":17},"end":{"line":48,"column":37}},{"start":{"line":48,"column":41},"end":{"line":48,"column":42}}]},"10":{"loc":{"start":{"line":49,"column":17},"end":{"line":49,"column":42}},"type":"binary-expr","locations":[{"start":{"line":49,"column":17},"end":{"line":49,"column":37}},{"start":{"line":49,"column":41},"end":{"line":49,"column":42}}]},"11":{"loc":{"start":{"line":58,"column":18},"end":{"line":58,"column":34}},"type":"binary-expr","locations":[{"start":{"line":58,"column":18},"end":{"line":58,"column":28}},{"start":{"line":58,"column":32},"end":{"line":58,"column":34}}]},"12":{"loc":{"start":{"line":59,"column":17},"end":{"line":59,"column":42}},"type":"binary-expr","locations":[{"start":{"line":59,"column":17},"end":{"line":59,"column":37}},{"start":{"line":59,"column":41},"end":{"line":59,"column":42}}]},"13":{"loc":{"start":{"line":60,"column":17},"end":{"line":60,"column":42}},"type":"binary-expr","locations":[{"start":{"line":60,"column":17},"end":{"line":60,"column":37}},{"start":{"line":60,"column":41},"end":{"line":60,"column":42}}]},"14":{"loc":{"start":{"line":66,"column":8},"end":{"line":68,"column":50}},"type":"binary-expr","locations":[{"start":{"line":66,"column":8},"end":{"line":66,"column":41}},{"start":{"line":67,"column":8},"end":{"line":67,"column":43}},{"start":{"line":68,"column":8},"end":{"line":68,"column":50}}]},"15":{"loc":{"start":{"line":90,"column":4},"end":{"line":92,"column":null}},"type":"if","locations":[{"start":{"line":90,"column":4},"end":{"line":92,"column":null}},{"start":{},"end":{}}]},"16":{"loc":{"start":{"line":106,"column":4},"end":{"line":108,"column":null}},"type":"if","locations":[{"start":{"line":106,"column":4},"end":{"line":108,"column":null}},{"start":{},"end":{}}]},"17":{"loc":{"start":{"line":119,"column":4},"end":{"line":121,"column":null}},"type":"if","locations":[{"start":{"line":119,"column":4},"end":{"line":121,"column":null}},{"start":{},"end":{}}]},"18":{"loc":{"start":{"line":143,"column":4},"end":{"line":145,"column":null}},"type":"if","locations":[{"start":{"line":143,"column":4},"end":{"line":145,"column":null}},{"start":{},"end":{}}]}},"s":{"0":1,"1":1,"2":1,"3":1,"4":1,"5":1,"6":10,"7":0,"8":10,"9":3,"10":13,"11":1,"12":10,"13":1,"14":1,"15":1,"16":1,"17":1,"18":1,"19":1,"20":1,"21":1,"22":1,"23":1,"24":1,"25":2,"26":1,"27":1,"28":2,"29":2,"30":2,"31":0,"32":0,"33":0,"34":0,"35":0,"36":2,"37":2,"38":2,"39":1,"40":1,"41":1,"42":1,"43":2,"44":2,"45":2,"46":1,"47":1,"48":1,"49":1,"50":1,"51":2,"52":2,"53":2,"54":1,"55":1,"56":1,"57":1,"58":1,"59":8,"60":8,"61":8,"62":1,"63":1,"64":1,"65":1,"66":1,"67":1,"68":1,"69":1,"70":1},"f":{"0":10,"1":3,"2":13,"3":10,"4":1,"5":1,"6":2,"7":2,"8":2,"9":0,"10":2,"11":2,"12":2,"13":1,"14":8,"15":8},"b":{"0":[0,10],"1":[0,13],"2":[13,13],"3":[0,13],"4":[13,13],"5":[0,13],"6":[13,13],"7":[0,13],"8":[13,13],"9":[1,0],"10":[1,0],"11":[1,0],"12":[1,1],"13":[1,1],"14":[2,1,1],"15":[0,0],"16":[1,1],"17":[1,1],"18":[1,1]}}
,"F:\\Proyectos de programación\\proyecto-prueba-tecnica\\banco-products-backend\\repo-interview-main\\src\\dto\\Product.ts": {"path":"F:\\Proyectos de programación\\proyecto-prueba-tecnica\\banco-products-backend\\repo-interview-main\\src\\dto\\Product.ts","statementMap":{"0":{"start":{"line":1,"column":0},"end":{"line":1,"column":null}},"1":{"start":{"line":13,"column":7},"end":{"line":30,"column":null}},"2":{"start":{"line":15,"column":28},"end":{"line":15,"column":39}},"3":{"start":{"line":16,"column":24},"end":{"line":16,"column":53}},"4":{"start":{"line":17,"column":25},"end":{"line":17,"column":48}},"5":{"start":{"line":20,"column":25},"end":{"line":20,"column":42}},"6":{"start":{"line":21,"column":8},"end":{"line":21,"column":57}},"7":{"start":{"line":24,"column":8},"end":{"line":24,"column":91}},"8":{"start":{"line":28,"column":8},"end":{"line":28,"column":101}},"9":{"start":{"line":13,"column":13},"end":{"line":30,"column":null}},"10":{"start":{"line":13,"column":13},"end":{"line":13,"column":45}},"11":{"start":{"line":33,"column":7},"end":{"line":45,"column":null}},"12":{"start":{"line":35,"column":24},"end":{"line":35,"column":46}},"13":{"start":{"line":36,"column":22},"end":{"line":36,"column":32}},"14":{"start":{"line":39,"column":8},"end":{"line":39,"column":86}},"15":{"start":{"line":43,"column":8},"end":{"line":43,"column":69}},"16":{"start":{"line":33,"column":13},"end":{"line":45,"column":null}},"17":{"start":{"line":33,"column":13},"end":{"line":33,"column":39}},"18":{"start":{"line":48,"column":4},"end":{"line":50,"column":null}},"19":{"start":{"line":52,"column":4},"end":{"line":54,"column":null}},"20":{"start":{"line":56,"column":4},"end":{"line":58,"column":null}},"21":{"start":{"line":60,"column":4},"end":{"line":62,"column":null}},"22":{"start":{"line":64,"column":4},"end":{"line":66,"column":null}},"23":{"start":{"line":68,"column":4},"end":{"line":70,"column":null}},"24":{"start":{"line":47,"column":0},"end":{"line":47,"column":13}}},"fnMap":{"0":{"name":"(anonymous_2)","decl":{"start":{"line":14,"column":4},"end":{"line":14,"column":12}},"loc":{"start":{"line":14,"column":61},"end":{"line":25,"column":5}}},"1":{"name":"(anonymous_3)","decl":{"start":{"line":27,"column":4},"end":{"line":27,"column":18}},"loc":{"start":{"line":27,"column":44},"end":{"line":29,"column":5}}},"2":{"name":"(anonymous_4)","decl":{"start":{"line":34,"column":4},"end":{"line":34,"column":12}},"loc":{"start":{"line":34,"column":33},"end":{"line":40,"column":5}}},"3":{"name":"(anonymous_5)","decl":{"start":{"line":42,"column":4},"end":{"line":42,"column":18}},"loc":{"start":{"line":42,"column":44},"end":{"line":44,"column":5}}}},"branchMap":{},"s":{"0":1,"1":1,"2":0,"3":0,"4":0,"5":0,"6":0,"7":0,"8":0,"9":1,"10":1,"11":1,"12":0,"13":0,"14":0,"15":0,"16":1,"17":1,"18":1,"19":1,"20":1,"21":1,"22":1,"23":1,"24":1},"f":{"0":0,"1":0,"2":0,"3":0},"b":{}}
}
