TN:
SF:src\const\message-error.const.ts
FNF:0
FNH:0
DA:1,1
LF:1
LH:1
BRF:0
BRH:0
end_of_record
TN:
SF:src\controllers\ProductControllers.ts
FN:21,loadProducts
FN:26,saveProducts
FN:30,normalizeProduct
FN:43,(anonymous_13)
FN:47,(anonymous_14)
FN:57,(anonymous_15)
FN:65,(anonymous_16)
FN:80,(anonymous_17)
FN:82,(anonymous_18)
FN:86,(anonymous_19)
FN:96,(anonymous_20)
FN:115,(anonymous_21)
FN:139,(anonymous_22)
FN:147,(anonymous_23)
FN:154,(anonymous_24)
FN:156,(anonymous_25)
FNF:16
FNH:15
FNDA:10,loadProducts
FNDA:3,saveProducts
FNDA:13,normalizeProduct
FNDA:10,(anonymous_13)
FNDA:1,(anonymous_14)
FNDA:1,(anonymous_15)
FNDA:2,(anonymous_16)
FNDA:2,(anonymous_17)
FNDA:2,(anonymous_18)
FNDA:0,(anonymous_19)
FNDA:2,(anonymous_20)
FNDA:2,(anonymous_21)
FNDA:2,(anonymous_22)
FNDA:1,(anonymous_23)
FNDA:8,(anonymous_24)
FNDA:8,(anonymous_25)
DA:1,1
DA:2,1
DA:14,1
DA:15,1
DA:17,1
DA:19,1
DA:22,10
DA:23,10
DA:27,3
DA:31,13
DA:43,1
DA:44,10
DA:46,1
DA:48,1
DA:49,1
DA:50,1
DA:51,1
DA:52,1
DA:53,1
DA:56,1
DA:58,1
DA:59,1
DA:60,1
DA:61,1
DA:62,1
DA:64,1
DA:66,2
DA:71,1
DA:73,1
DA:79,1
DA:81,2
DA:82,2
DA:85,1
DA:87,0
DA:88,0
DA:90,0
DA:91,0
DA:93,0
DA:96,1
DA:97,2
DA:105,2
DA:106,2
DA:107,1
DA:109,1
DA:110,1
DA:111,1
DA:114,1
DA:116,2
DA:117,2
DA:119,2
DA:120,1
DA:123,1
DA:129,1
DA:130,1
DA:132,1
DA:138,1
DA:140,2
DA:141,2
DA:143,2
DA:144,1
DA:147,1
DA:148,1
DA:149,1
DA:155,8
DA:156,8
LF:65
LH:60
BRDA:22,0,0,0
BRDA:22,0,1,10
BRDA:33,1,0,0
BRDA:33,1,1,13
BRDA:33,2,0,13
BRDA:33,2,1,13
BRDA:34,3,0,0
BRDA:34,3,1,13
BRDA:34,4,0,13
BRDA:34,4,1,13
BRDA:35,5,0,0
BRDA:35,5,1,13
BRDA:35,6,0,13
BRDA:35,6,1,13
BRDA:36,7,0,0
BRDA:36,7,1,13
BRDA:36,8,0,13
BRDA:36,8,1,13
BRDA:48,9,0,1
BRDA:48,9,1,0
BRDA:49,10,0,1
BRDA:49,10,1,0
BRDA:58,11,0,1
BRDA:58,11,1,0
BRDA:59,12,0,1
BRDA:59,12,1,1
BRDA:60,13,0,1
BRDA:60,13,1,1
BRDA:66,14,0,2
BRDA:66,14,1,1
BRDA:66,14,2,1
BRDA:90,15,0,0
BRDA:90,15,1,0
BRDA:106,16,0,1
BRDA:106,16,1,1
BRDA:119,17,0,1
BRDA:119,17,1,1
BRDA:143,18,0,1
BRDA:143,18,1,1
BRF:39
BRH:29
end_of_record
TN:
SF:src\dto\Product.ts
FN:14,(anonymous_2)
FN:27,(anonymous_3)
FN:34,(anonymous_4)
FN:42,(anonymous_5)
FNF:4
FNH:0
FNDA:0,(anonymous_2)
FNDA:0,(anonymous_3)
FNDA:0,(anonymous_4)
FNDA:0,(anonymous_5)
DA:1,1
DA:13,1
DA:15,0
DA:16,0
DA:17,0
DA:20,0
DA:21,0
DA:24,0
DA:28,0
DA:33,1
DA:35,0
DA:36,0
DA:39,0
DA:43,0
DA:47,1
DA:48,1
DA:52,1
DA:56,1
DA:60,1
DA:64,1
DA:68,1
LF:21
LH:10
BRF:0
BRH:0
end_of_record
